<?xml version="1.0" encoding="UTF-8"?>
<!-- Generated by org.testng.reporters.JUnitReportReporter -->
<testsuite hostname="USER-20160702CP" failures="0" tests="4" name="love.simba.TestDataDriversByMysqltestSQL" time="26.113" errors="0" timestamp="2020-02-16T17:08:06 CST" skipped="0">
  <testcase classname="love.simba.TestDataDriversByMysqltestSQL" name="testSearch" time="6.258"/>
  <testcase classname="love.simba.TestDataDriversByMysqltestSQL" name="testSearch" time="6.866"/>
  <testcase classname="love.simba.TestDataDriversByMysqltestSQL" name="testSearch" time="6.557"/>
  <testcase classname="love.simba.TestDataDriversByMysqltestSQL" name="testSearch" time="6.432"/>
</testsuite> <!-- love.simba.TestDataDriversByMysqltestSQL -->
